<?xml version="1.0" encoding="UTF-8"?>
<!-- Generated by org.testng.reporters.JUnitReportReporter -->
<testsuite skipped="0" hostname="CO-IT005951" name="com.globant.WilsonAngelFinalExam.test.ESPNTest" tests="1" failures="0" timestamp="21 abr 2021 02:46:54 GMT" time="12.287" errors="0">
  <testcase name="deleteAccount" time="12.287" classname="com.globant.WilsonAngelFinalExam.test.ESPNTest"/>
</testsuite> <!-- com.globant.WilsonAngelFinalExam.test.ESPNTest -->
